{"numTotalTestSuites":6,"numPassedTestSuites":6,"numFailedTestSuites":0,"numPendingTestSuites":0,"numTotalTests":4,"numPassedTests":4,"numFailedTests":0,"numPendingTests":0,"numTodoTests":0,"snapshot":{"added":0,"failure":false,"filesAdded":0,"filesRemoved":0,"filesRemovedList":[],"filesUnmatched":0,"filesUpdated":0,"matched":0,"total":0,"unchecked":0,"uncheckedKeysByFile":[],"unmatched":0,"updated":0,"didUpdate":false},"startTime":1772028333303,"success":true,"testResults":[{"assertionResults":[{"ancestorTitles":["analytics"],"fullName":"analytics computes KPIs for synthetic dataset","status":"passed","title":"computes KPIs for synthetic dataset","duration":26.950099999999964,"failureMessages":[],"meta":{}}],"startTime":1772028333626,"endTime":1772028333652.9502,"status":"passed","message":"","name":"C:/Users/arvin/.openclaw/workspace/qa-intelligence-platform/tests/unit/analytics.test.ts"},{"assertionResults":[{"ancestorTitles":["cluster meta"],"fullName":"cluster meta formats selected cluster information correctly","status":"passed","title":"formats selected cluster information correctly","duration":1.7486000000000104,"failureMessages":[],"meta":{}}],"startTime":1772028333616,"endTime":1772028333617.7485,"status":"passed","message":"","name":"C:/Users/arvin/.openclaw/workspace/qa-intelligence-platform/tests/unit/cluster-meta.test.ts"},{"assertionResults":[{"ancestorTitles":["LLM evaluation strategy (evil/eval)"],"fullName":"LLM evaluation strategy (evil/eval) enforces local LLM initialization before answering","status":"passed","title":"enforces local LLM initialization before answering","duration":3.107599999999991,"failureMessages":[],"meta":{}},{"ancestorTitles":["LLM evaluation strategy (evil/eval)"],"fullName":"LLM evaluation strategy (evil/eval) documents no-template-fallback policy","status":"passed","title":"documents no-template-fallback policy","duration":0.4571000000000254,"failureMessages":[],"meta":{}}],"startTime":1772028333617,"endTime":1772028333620.457,"status":"passed","message":"","name":"C:/Users/arvin/.openclaw/workspace/qa-intelligence-platform/tests/unit/eval-strategy.test.ts"}]}