{"numTotalTestSuites":4,"numPassedTestSuites":4,"numFailedTestSuites":0,"numPendingTestSuites":0,"numTotalTests":3,"numPassedTests":3,"numFailedTests":0,"numPendingTests":0,"numTodoTests":0,"snapshot":{"added":0,"failure":false,"filesAdded":0,"filesRemoved":0,"filesRemovedList":[],"filesUnmatched":0,"filesUpdated":0,"matched":0,"total":0,"unchecked":0,"uncheckedKeysByFile":[],"unmatched":0,"updated":0,"didUpdate":false},"startTime":1771968157335,"success":true,"testResults":[{"assertionResults":[{"ancestorTitles":["analytics"],"fullName":"analytics computes KPIs for synthetic dataset","status":"passed","title":"computes KPIs for synthetic dataset","duration":19.90089999999998,"failureMessages":[],"meta":{}}],"startTime":1771968157626,"endTime":1771968157645.901,"status":"passed","message":"","name":"C:/Users/arvin/.openclaw/workspace/qa-intelligence-platform/tests/unit/analytics.test.ts"},{"assertionResults":[{"ancestorTitles":["LLM evaluation strategy (evil/eval)"],"fullName":"LLM evaluation strategy (evil/eval) returns actionable duplicate guidance","status":"passed","title":"returns actionable duplicate guidance","duration":1.5816999999999837,"failureMessages":[],"meta":{}},{"ancestorTitles":["LLM evaluation strategy (evil/eval)"],"fullName":"LLM evaluation strategy (evil/eval) returns coverage guidance for gap question","status":"passed","title":"returns coverage guidance for gap question","duration":0.34380000000001587,"failureMessages":[],"meta":{}}],"startTime":1771968157618,"endTime":1771968157620.3438,"status":"passed","message":"","name":"C:/Users/arvin/.openclaw/workspace/qa-intelligence-platform/tests/unit/eval-strategy.test.ts"}]}